<?xml version="1.0" encoding="UTF-8"?>
<!-- Generated by org.testng.reporters.JUnitReportReporter -->
<testsuite hostname="DESKTOP-PBDFRFN" failures="0" tests="1" name="tests.TwoTest" time="13.145" errors="0" timestamp="2024-01-08T00:10:50 IST" skipped="0">
  <testcase classname="tests.TwoTest" name="testTwo" time="13.145"/>
</testsuite> <!-- tests.TwoTest -->
