<?xml version="1.0" encoding="UTF-8"?>
<!-- Generated by org.testng.reporters.JUnitReportReporter -->
<testsuite hostname="DESKTOP-PBDFRFN" failures="0" tests="1" name="tests.ThreeTest" time="11.808" errors="0" timestamp="2024-01-08T00:10:50 IST" skipped="0">
  <testcase classname="tests.ThreeTest" name="TestThree" time="11.808"/>
</testsuite> <!-- tests.ThreeTest -->
