<?xml version="1.0" encoding="UTF-8"?>
<!-- Generated by org.testng.reporters.JUnitReportReporter -->
<testsuite hostname="DESKTOP-PBDFRFN" failures="0" tests="1" name="runner.Runner" time="11.185" errors="0" timestamp="2024-01-10T16:40:08 IST" skipped="0">
  <testcase classname="runner.Runner" name="runScenario" time="11.185"/>
</testsuite> <!-- runner.Runner -->
