<?xml version="1.0" encoding="UTF-8"?>
<!-- Generated by org.testng.reporters.JUnitReportReporter -->
<testsuite hostname="DESKTOP-PBDFRFN" failures="0" tests="1" name="tests.FourTest" time="12.071" errors="0" timestamp="2024-01-07T14:20:42 IST" skipped="0">
  <testcase classname="tests.FourTest" name="testFour" time="12.071"/>
</testsuite> <!-- tests.FourTest -->
