<?xml version="1.0" encoding="UTF-8"?>
<!-- Generated by org.testng.reporters.JUnitReportReporter -->
<testsuite hostname="DESKTOP-PBDFRFN" failures="0" tests="2" name="tests.LoginTest" time="33.508" errors="0" timestamp="2024-01-08T00:10:50 IST" skipped="0">
  <testcase classname="tests.LoginTest" name="login" time="10.318"/>
  <testcase classname="tests.LoginTest" name="login" time="23.190"/>
</testsuite> <!-- tests.LoginTest -->
